

============================== 2023-01-18 19:31:16.973499 | 2ab8089e-531d-43e9-b31f-72b1fdf882ab ==============================
[0m19:31:16.973499 [info ] [MainThread]: Running with dbt=1.3.2
[0m19:31:16.974738 [debug] [MainThread]: running dbt with arguments {'write_json': True, 'use_colors': True, 'printer_width': 80, 'version_check': True, 'partial_parse': True, 'static_parser': True, 'profiles_dir': 'C:\\Users\\muhaSiddiqui\\.dbt', 'send_anonymous_usage_stats': True, 'event_buffer_size': 100000, 'quiet': False, 'no_print': False, 'cache_selected_only': False, 'skip_profile_setup': False, 'which': 'init', 'indirect_selection': 'eager'}
[0m19:31:16.974738 [debug] [MainThread]: Tracking: tracking
[0m19:31:17.181662 [debug] [MainThread]: Sending event: {'category': 'dbt', 'action': 'invocation', 'label': 'start', 'context': [<snowplow_tracker.self_describing_json.SelfDescribingJson object at 0x0000018CFFD36160>, <snowplow_tracker.self_describing_json.SelfDescribingJson object at 0x0000018CFFD36550>, <snowplow_tracker.self_describing_json.SelfDescribingJson object at 0x0000018CFFD363A0>]}
[0m19:31:17.182661 [info ] [MainThread]: Creating dbt configuration folder at C:\Users\muhaSiddiqui\.dbt
[0m19:32:20.529053 [debug] [MainThread]: Starter project path: C:\Users\muhaSiddiqui\AppData\Local\Packages\PythonSoftwareFoundation.Python.3.9_qbz5n2kfra8p0\LocalCache\local-packages\Python39\site-packages\dbt\include\starter_project
[0m19:33:33.164087 [info ] [MainThread]: Profile dbt_demo written to C:\Users\muhaSiddiqui\.dbt\profiles.yml using target's profile_template.yml and your supplied values. Run 'dbt debug' to validate the connection.
[0m19:33:33.165087 [info ] [MainThread]: 
Your new dbt project "dbt_demo" was created!

For more information on how to configure the profiles.yml file,
please consult the dbt documentation here:

  https://docs.getdbt.com/docs/configure-your-profile

One more thing:

Need help? Don't hesitate to reach out to us via GitHub issues or on Slack:

  https://community.getdbt.com/

Happy modeling!

[0m19:33:33.166087 [debug] [MainThread]: Sending event: {'category': 'dbt', 'action': 'invocation', 'label': 'end', 'context': [<snowplow_tracker.self_describing_json.SelfDescribingJson object at 0x0000018CFFD342E0>, <snowplow_tracker.self_describing_json.SelfDescribingJson object at 0x0000018CFFD34F40>, <snowplow_tracker.self_describing_json.SelfDescribingJson object at 0x0000018CFFD34C40>]}
[0m19:33:33.166087 [debug] [MainThread]: Flushing usage events


============================== 2023-01-23 15:29:41.064293 | 83b4e000-bf2f-4d87-b4e3-3c7c221d6665 ==============================
[0m15:29:41.064293 [info ] [MainThread]: Running with dbt=1.3.2
[0m15:29:41.065293 [debug] [MainThread]: running dbt with arguments {'write_json': True, 'use_colors': True, 'printer_width': 80, 'version_check': True, 'partial_parse': True, 'static_parser': True, 'profiles_dir': 'C:\\Users\\muhaSiddiqui\\.dbt', 'send_anonymous_usage_stats': True, 'event_buffer_size': 100000, 'quiet': False, 'no_print': False, 'cache_selected_only': False, 'config_dir': False, 'which': 'debug', 'indirect_selection': 'eager'}
[0m15:29:41.065293 [debug] [MainThread]: Tracking: tracking
[0m15:29:41.349808 [debug] [MainThread]: Sending event: {'category': 'dbt', 'action': 'invocation', 'label': 'start', 'context': [<snowplow_tracker.self_describing_json.SelfDescribingJson object at 0x00000266A958FBB0>, <snowplow_tracker.self_describing_json.SelfDescribingJson object at 0x00000266A958FD00>, <snowplow_tracker.self_describing_json.SelfDescribingJson object at 0x00000266A958FD30>]}
[0m15:29:47.294941 [debug] [MainThread]: Executing "git --help"
[0m15:29:47.621014 [debug] [MainThread]: STDOUT: "b"usage: git [-v | --version] [-h | --help] [-C <path>] [-c <name>=<value>]\n           [--exec-path[=<path>]] [--html-path] [--man-path] [--info-path]\n           [-p | --paginate | -P | --no-pager] [--no-replace-objects] [--bare]\n           [--git-dir=<path>] [--work-tree=<path>] [--namespace=<name>]\n           [--super-prefix=<path>] [--config-env=<name>=<envvar>]\n           <command> [<args>]\n\nThese are common Git commands used in various situations:\n\nstart a working area (see also: git help tutorial)\n   clone     Clone a repository into a new directory\n   init      Create an empty Git repository or reinitialize an existing one\n\nwork on the current change (see also: git help everyday)\n   add       Add file contents to the index\n   mv        Move or rename a file, a directory, or a symlink\n   restore   Restore working tree files\n   rm        Remove files from the working tree and from the index\n\nexamine the history and state (see also: git help revisions)\n   bisect    Use binary search to find the commit that introduced a bug\n   diff      Show changes between commits, commit and working tree, etc\n   grep      Print lines matching a pattern\n   log       Show commit logs\n   show      Show various types of objects\n   status    Show the working tree status\n\ngrow, mark and tweak your common history\n   branch    List, create, or delete branches\n   commit    Record changes to the repository\n   merge     Join two or more development histories together\n   rebase    Reapply commits on top of another base tip\n   reset     Reset current HEAD to the specified state\n   switch    Switch branches\n   tag       Create, list, delete or verify a tag object signed with GPG\n\ncollaborate (see also: git help workflows)\n   fetch     Download objects and refs from another repository\n   pull      Fetch from and integrate with another repository or a local branch\n   push      Update remote refs along with associated objects\n\n'git help -a' and 'git help -g' list available subcommands and some\nconcept guides. See 'git help <command>' or 'git help <concept>'\nto read about a specific subcommand or concept.\nSee 'git help git' for an overview of the system.\n""
[0m15:29:47.621014 [debug] [MainThread]: STDERR: "b''"
[0m15:29:47.624015 [debug] [MainThread]: Acquiring new snowflake connection "debug"
[0m15:29:47.626024 [debug] [MainThread]: Using snowflake connection "debug"
[0m15:29:47.627016 [debug] [MainThread]: On debug: select 1 as id
[0m15:29:47.627016 [debug] [MainThread]: Opening a new connection, currently in state init
[0m15:29:49.338900 [debug] [MainThread]: SQL status: SUCCESS 1 in 1.71 seconds
[0m15:29:49.340899 [debug] [MainThread]: On debug: Close
[0m15:29:49.581954 [debug] [MainThread]: Sending event: {'category': 'dbt', 'action': 'invocation', 'label': 'end', 'context': [<snowplow_tracker.self_describing_json.SelfDescribingJson object at 0x00000266C9EDF820>, <snowplow_tracker.self_describing_json.SelfDescribingJson object at 0x00000266C9E89DC0>, <snowplow_tracker.self_describing_json.SelfDescribingJson object at 0x00000266C9E894F0>]}
[0m15:29:49.582954 [debug] [MainThread]: Flushing usage events
[0m15:29:49.804005 [debug] [MainThread]: Connection 'debug' was properly closed.
